TN:
SF:src/middlewares/errorMiddleware.ts
FN:8,CustomError
FN:24,errorMiddleware
FNF:2
FNH:0
FNDA:0,CustomError
FNDA:0,errorMiddleware
DA:1,1
DA:2,1
DA:3,1
DA:4,1
DA:5,1
DA:6,1
DA:7,1
DA:8,1
DA:9,0
DA:10,0
DA:11,0
DA:12,0
DA:13,1
DA:14,1
DA:15,1
DA:16,1
DA:17,1
DA:18,1
DA:19,1
DA:20,1
DA:21,1
DA:22,1
DA:23,1
DA:24,0
DA:25,0
DA:26,0
DA:27,0
DA:28,0
DA:29,0
DA:30,0
DA:31,0
DA:32,0
DA:33,0
DA:34,0
DA:35,0
DA:36,0
DA:37,0
DA:38,0
LF:38
LH:19
BRF:0
BRH:0
end_of_record
TN:
SF:src/useCases/books/RentBook/RentBookUseCase.ts
FN:5,RentBookUseCase
FN:7,execute
FNF:2
FNH:2
FNDA:1,RentBookUseCase
FNDA:1,execute
DA:1,1
DA:2,1
DA:3,1
DA:4,1
DA:5,1
DA:6,1
DA:7,1
DA:8,1
DA:9,1
DA:10,1
DA:11,0
DA:12,0
DA:13,1
DA:14,1
DA:15,1
DA:16,1
LF:16
LH:14
BRDA:5,0,0,1
BRDA:7,1,0,1
BRDA:10,2,0,0
BRF:3
BRH:2
end_of_record
